timestamp: 2011-11-19T11:11:39.449000
CREATE TABLE auth_user(
    id INTEGER PRIMARY KEY AUTOINCREMENT,
    first_name CHAR(128),
    last_name CHAR(128),
    email CHAR(512),
    password CHAR(512),
    registration_key CHAR(512),
    reset_password_key CHAR(512)
);
success!
timestamp: 2011-11-19T11:11:39.557000
CREATE TABLE auth_group(
    id INTEGER PRIMARY KEY AUTOINCREMENT,
    role CHAR(512),
    description TEXT
);
success!
timestamp: 2011-11-19T11:11:39.690000
CREATE TABLE auth_membership(
    id INTEGER PRIMARY KEY AUTOINCREMENT,
    user_id INTEGER REFERENCES auth_user(id) ON DELETE CASCADE,
    group_id INTEGER REFERENCES auth_group(id) ON DELETE CASCADE
);
success!
timestamp: 2011-11-19T11:11:39.812000
CREATE TABLE auth_permission(
    id INTEGER PRIMARY KEY AUTOINCREMENT,
    group_id INTEGER REFERENCES auth_group(id) ON DELETE CASCADE,
    name CHAR(512),
    table_name CHAR(512),
    record_id INTEGER
);
success!
timestamp: 2011-11-19T11:11:39.933000
CREATE TABLE auth_event(
    id INTEGER PRIMARY KEY AUTOINCREMENT,
    time_stamp TIMESTAMP,
    client_ip CHAR(512),
    user_id INTEGER REFERENCES auth_user(id) ON DELETE CASCADE,
    origin CHAR(512),
    description TEXT
);
success!
timestamp: 2011-11-19T11:11:40.131000
CREATE TABLE auth_cas(
    id INTEGER PRIMARY KEY AUTOINCREMENT,
    user_id INTEGER REFERENCES auth_user(id) ON DELETE CASCADE,
    created_on TIMESTAMP,
    url CHAR(512),
    uuid CHAR(512)
);
success!
timestamp: 2011-11-19T11:11:40.297000
CREATE TABLE authors(
    id INTEGER PRIMARY KEY AUTOINCREMENT,
    name CHAR(512),
    location CHAR(512),
    lived CHAR(512)
);
success!
timestamp: 2011-11-19T11:11:40.446000
CREATE TABLE works(
    id INTEGER PRIMARY KEY AUTOINCREMENT,
    title CHAR(512),
    author INTEGER REFERENCES authors(id) ON DELETE CASCADE,
    date_earliest CHAR(512),
    date_latest CHAR(512),
    date_likely CHAR(512),
    genre CHAR(512)
);
success!
timestamp: 2011-11-19T11:15:28.658000
CREATE TABLE projects(
    id INTEGER PRIMARY KEY AUTOINCREMENT,
    projectname CHAR(512),
    owner CHAR(512),
    description TEXT
);
success!
timestamp: 2011-11-19T11:16:07.291000
CREATE TABLE notes(
    id INTEGER PRIMARY KEY AUTOINCREMENT,
    label CHAR(512),
    user CHAR(512),
    body TEXT,
    last_edited TIMESTAMP,
    project INTEGER REFERENCES projects(id) ON DELETE CASCADE
);
success!
timestamp: 2011-11-19T11:16:07.741000
CREATE TABLE tags(
    id INTEGER PRIMARY KEY AUTOINCREMENT,
    tagname CHAR(512)
);
success!
timestamp: 2011-11-19T11:17:29.288000
ALTER TABLE tags ADD creator INTEGER REFERENCES auth_user(id) ON DELETE CASCADE;
timestamp: 2011-11-21T09:45:50.276350
CREATE TABLE locations(
    id INTEGER PRIMARY KEY AUTOINCREMENT,
    location CHAR(512)
);
success!
timestamp: 2011-11-21T09:46:43.230367
ALTER TABLE works ADD comments CHAR(512);
timestamp: 2011-11-21T09:46:43.344413
ALTER TABLE works ADD source CHAR(512);
timestamp: 2011-11-21T09:46:43.437427
ALTER TABLE tags ADD project INTEGER REFERENCES projects(id) ON DELETE CASCADE;
timestamp: 2011-11-21T09:49:32.782930
ALTER TABLE notes ADD reference CHAR(512);
timestamp: 2011-11-21T09:49:32.874775
ALTER TABLE notes ADD excerpt CHAR(512);
timestamp: 2011-11-21T11:15:27.469463
ALTER TABLE notes ADD author INTEGER REFERENCES authors(id) ON DELETE CASCADE;
timestamp: 2011-11-21T11:15:27.583249
ALTER TABLE notes ADD work INTEGER REFERENCES works(id) ON DELETE CASCADE;
timestamp: 2011-11-21T11:15:27.655629
ALTER TABLE notes ADD tags INTEGER REFERENCES tags(id) ON DELETE CASCADE;
timestamp: 2011-12-08T01:35:00.345595
CREATE TABLE blog_tags(
    id INTEGER PRIMARY KEY AUTOINCREMENT,
    tagname CHAR(512)
);
success!
timestamp: 2011-12-08T01:35:00.471438
CREATE TABLE articles(
    id INTEGER PRIMARY KEY AUTOINCREMENT,
    author CHAR(512),
    title CHAR(512),
    created TIMESTAMP,
    body TEXT,
    teaser TEXT,
    pullquote TEXT,
    blog_tags INTEGER REFERENCES blog_tags(id) ON DELETE CASCADE
);
success!
timestamp: 2011-12-15T14:24:22.235606
ALTER TABLE notes ADD created TIMESTAMP;
timestamp: 2012-01-04T18:31:31.038704
ALTER TABLE auth_user ADD registration_id CHAR(512);
timestamp: 2012-01-04T18:31:31.188445
ALTER TABLE auth_cas ADD service CHAR(512);
timestamp: 2012-01-04T18:31:31.290273
ALTER TABLE auth_cas ADD renew CHAR(1);
timestamp: 2012-01-04T18:31:31.378621
ALTER TABLE auth_cas ADD ticket CHAR(512);
timestamp: 2012-01-12T21:13:59.744341
CREATE TABLE plugin_comments_comment(
    id INTEGER PRIMARY KEY AUTOINCREMENT,
    body TEXT,
    posted_on TIMESTAMP,
    posted_by INTEGER REFERENCES auth_user(id) ON DELETE CASCADE
);
success!
timestamp: 2012-05-17T16:01:06.461344
ALTER TABLE notes ADD ref_formatted CHAR(512);
timestamp: 2012-05-24T15:34:57.548562
ALTER TABLE plugin_comments_comment ADD username CHAR(512);
timestamp: 2012-05-24T15:34:57.751088
ALTER TABLE plugin_comments_comment ADD details INTEGER;
timestamp: 2012-05-24T15:34:57.909895
ALTER TABLE plugin_comments_comment ADD email_address CHAR(512);
timestamp: 2012-12-24T11:00:42.071724
CREATE TABLE genres(
    id INTEGER PRIMARY KEY AUTOINCREMENT,
    name CHAR(512)
);
success!
timestamp: 2012-12-24T11:00:42.258298
ALTER TABLE authors ADD genres INTEGER REFERENCES genres (id) ON DELETE CASCADE;
timestamp: 2012-12-24T11:00:42.387055
ALTER TABLE authors ADD notes CHAR(512);
success!
success!
success!
success!
success!
success!
success!
success!
success!
success!
success!
success!
success!
success!
success!
success!
success!
success!
success!
success!
success!
success!
success!
success!
success!
success!
success!
success!
success!
success!
success!
success!
success!
success!
success!
success!
success!
success!
success!
success!
success!
success!
success!
success!
success!
success!
success!
success!
success!
success!
success!
success!
success!
success!
success!
success!
success!
success!
success!
success!
success!
success!
success!
success!
success!
success!
success!
success!
success!
success!
success!
success!
success!
success!
success!
success!
success!
success!
success!
success!
success!
success!
success!
success!
success!
success!
success!
success!
success!
success!
success!
success!
success!
success!
success!
success!
success!
success!
success!
success!
success!
success!
success!
success!
success!
success!
success!
success!
success!
success!
success!
success!
success!
success!
success!
success!
success!
success!
success!
success!
success!
success!
success!
success!
success!
success!
success!
success!
success!
success!
success!
success!
success!
success!
success!
success!
success!
success!
success!
success!
success!
success!
success!
success!
success!
success!
success!
success!
success!
success!
success!
success!
success!
success!
success!
success!
success!
success!
success!
success!
success!
success!
success!
success!
success!
success!
success!
success!
success!
success!
success!
success!
success!
success!
success!
success!
success!
success!
success!
success!
success!
success!
success!
success!
success!
success!
success!
success!
success!
success!
success!
success!
success!
success!
success!
success!
success!
success!
success!
success!
success!
success!
success!
success!
success!
success!
success!
success!
success!
success!
success!
success!
success!
success!
success!
success!
success!
success!
success!
success!
success!
success!
success!
success!
success!
success!
success!
success!
success!
success!
success!
success!
success!
success!
success!
success!
success!
success!
success!
success!
success!
success!
success!
success!
success!
success!
success!
success!
success!
success!
success!
success!
success!
success!
success!
success!
success!
success!
success!
success!
success!
success!
success!
success!
success!
success!
success!
success!
success!
success!
success!
success!
success!
success!
success!
success!
success!
success!
success!
success!
success!
success!
success!
success!
success!
success!
success!
success!
success!
success!
success!
success!
success!
success!
success!
success!
success!
success!
success!
success!
success!
success!
success!
success!
success!
success!
success!
success!
success!
success!
success!
success!
success!
success!
success!
success!
success!
success!
success!
success!
success!
success!
success!
success!
success!
success!
success!
success!
success!
success!
success!
success!
success!
success!
success!
success!
success!
success!
success!
success!
success!
success!
success!
success!
success!
success!
success!
success!
success!
success!
success!
success!
success!
success!
success!
success!
success!
success!
success!
success!
success!
success!
success!
success!
success!
success!
success!
success!
success!
success!
success!
success!
success!
success!
success!
success!
success!
success!
success!
success!
success!
success!
success!
success!
success!
success!
success!
success!
success!
success!
success!
success!
success!
success!
success!
success!
success!
success!
success!
success!
success!
success!
success!
success!
success!
success!
success!
success!
success!
success!
success!
success!
success!
success!
success!
success!
success!
success!
success!
success!
success!
success!
success!
success!
success!
success!
success!
success!
success!
success!
success!
success!
success!
success!
success!
success!
success!
success!
success!
success!
success!
success!
success!
success!
success!
success!
success!
success!
success!
success!
success!
success!
success!
success!
success!
success!
success!
success!
success!
success!
success!
success!
success!
success!
success!
success!
success!
success!
success!
success!
success!
success!
success!
success!
success!
success!
success!
success!
success!
success!
success!
success!
success!
success!
success!
success!
success!
success!
success!
success!
success!
success!
success!
success!
success!
success!
success!
success!
success!
success!
success!
success!
success!
success!
success!
success!
success!
success!
success!
success!
success!
success!
success!
success!
success!
success!
success!
success!
success!
success!
success!
success!
success!
success!
success!
success!
success!
success!
success!
success!
success!
success!
success!
success!
success!
success!
success!
success!
success!
success!
success!
success!
success!
success!
success!
success!
success!
success!
success!
success!
success!
success!
success!
success!
success!
success!
success!
success!
success!
success!
success!
success!
success!
success!
success!
success!
success!
success!
success!
success!
success!
success!
success!
success!
success!
success!
success!
success!
success!
success!
success!
success!
success!
success!
success!
success!
success!
success!
success!
success!
success!
success!
success!
success!
success!
success!
success!
success!
success!
success!
success!
success!
success!
success!
success!
success!
success!
success!
success!
success!
success!
success!
success!
success!
success!
success!
success!
success!
success!
success!
success!
success!
success!
success!
success!
success!
success!
success!
success!
success!
success!
success!
success!
success!
success!
success!
success!
success!
success!
success!
success!
success!
success!
success!
success!
success!
success!
success!
success!
success!
success!
success!
success!
success!
success!
success!
success!
success!
success!
success!
success!
success!
success!
success!
success!
success!
success!
success!
success!
success!
success!
success!
success!
success!
success!
success!
success!
success!
success!
success!
success!
success!
success!
success!
success!
success!
success!
success!
success!
success!
success!
success!
success!
success!
success!
success!
success!
success!
success!
success!
success!
success!
success!
success!
success!
success!
success!
success!
success!
success!
success!
success!
success!
success!
success!
success!
success!
success!
success!
success!
success!
success!
success!
success!
success!
success!
success!
success!
success!
success!
success!
success!
success!
success!
success!
success!
success!
success!
success!
success!
success!
success!
success!
success!
success!
success!
success!
success!
success!
success!
success!
success!
success!
success!
success!
success!
success!
success!
success!
success!
success!
success!
success!
success!
success!
success!
success!
success!
success!
success!
success!
success!
success!
success!
success!
success!
success!
success!
success!
success!
success!
success!
success!
success!
success!
success!
success!
success!
success!
success!
success!
success!
success!
success!
success!
success!
success!
success!
success!
success!
success!
success!
success!
success!
success!
success!
success!
success!
success!
success!
success!
success!
success!
success!
success!
success!
success!
success!
success!
success!
success!
success!
success!
success!
success!
success!
success!
success!
success!
success!
success!
success!
success!
success!
success!
success!
success!
success!
success!
success!
success!
success!
success!
success!
success!
success!
success!
success!
success!
success!
success!
success!
success!
success!
success!
success!
success!
success!
success!
success!
success!
success!
success!
success!
success!
success!
success!
success!
success!
success!
success!
success!
success!
success!
success!
success!
success!
success!
success!
success!
success!
success!
success!
success!
success!
success!
success!
success!
success!
success!
success!
success!
success!
success!
success!
success!
success!
success!
success!
success!
success!
success!
success!
success!
success!
success!
success!
success!
success!
success!
success!
success!
success!
success!
success!
success!
success!
success!
success!
success!
success!
success!
success!
success!
success!
success!
success!
success!
success!
success!
success!
success!
success!
success!
success!
success!
success!
success!
success!
success!
success!
success!
success!
success!
success!
success!
success!
success!
success!
success!
success!
success!
success!
success!
success!
success!
success!
success!
success!
success!
success!
success!
success!
success!
success!
success!
success!
success!
success!
success!
success!
success!
success!
success!
success!
success!
success!
success!
success!
success!
success!
success!
success!
success!
success!
success!
success!
success!
success!
success!
success!
success!
success!
success!
success!
success!
success!
success!
success!
success!
success!
success!
success!
success!
success!
success!
success!
success!
success!
success!
success!
success!
success!
success!
success!
success!
success!
success!
success!
success!
success!
success!
success!
success!
success!
success!
success!
success!
success!
success!
success!
success!
success!
success!
success!
success!
success!
success!
success!
success!
success!
success!
success!
success!
success!
success!
success!
success!
success!
success!
success!
success!
success!
success!
success!
success!
success!
success!
success!
success!
success!
success!
success!
success!
success!
success!
success!
success!
success!
success!
success!
success!
success!
success!
success!
success!
success!
success!
success!
success!
success!
success!
success!
success!
success!
success!
success!
success!
success!
success!
success!
success!
success!
success!
success!
success!
success!
success!
success!
success!
success!
success!
success!
success!
success!
success!
success!
success!
success!
success!
success!
success!
success!
success!
success!
success!
success!
success!
success!
success!
success!
success!
success!
success!
success!
success!
success!
success!
success!
success!
success!
success!
success!
success!
success!
success!
success!
success!
success!
success!
success!
success!
success!
success!
success!
success!
success!
success!
success!
success!
success!
success!
success!
success!
success!
success!
success!
success!
success!
success!
success!
success!
success!
success!
success!
success!
success!
success!
success!
success!
success!
success!
success!
success!
success!
success!
success!
success!
success!
success!
success!
success!
success!
success!
success!
success!
success!
success!
success!
success!
success!
success!
success!
success!
success!
success!
success!
success!
success!
success!
success!
success!
success!
success!
success!
success!
success!
success!
success!
success!
success!
success!
success!
success!
success!
success!
success!
success!
success!
success!
success!
success!
success!
success!
success!
success!
success!
success!
success!
success!
success!
success!
success!
success!
success!
success!
success!
success!
success!
success!
success!
success!
success!
success!
success!
success!
success!
success!
success!
success!
success!
success!
success!
success!
success!
success!
success!
success!
success!
success!
success!
success!
success!
success!
success!
success!
success!
success!
success!
success!
success!
success!
success!
success!
success!
success!
success!
success!
success!
success!
success!
success!
success!
success!
success!
success!
success!
success!
success!
success!
success!
success!
success!
success!
success!
success!
success!
success!
success!
success!
success!
success!
success!
success!
success!
success!
success!
success!
success!
success!
success!
success!
success!
success!
success!
success!
success!
success!
success!
success!
success!
success!
success!
success!
success!
success!
success!
success!
success!
success!
success!
success!
success!
success!
success!
success!
success!
success!
success!
success!
success!
success!
success!
success!
success!
success!
success!
success!
success!
success!
success!
success!
success!
success!
success!
success!
success!
success!
success!
success!
success!
success!
success!
success!
success!
success!
success!
success!
success!
success!
success!
success!
success!
success!
success!
success!
success!
success!
success!
success!
success!
success!
success!
success!
success!
success!
success!
success!
success!
success!
success!
success!
success!
success!
success!
success!
success!
success!
success!
success!
success!
success!
success!
success!
success!
success!
success!
success!
success!
success!
success!
success!
success!
success!
success!
success!
success!
success!
success!
success!
success!
success!
success!
success!
success!
success!
success!
success!
success!
success!
success!
success!
success!
success!
success!
success!
success!
success!
success!
success!
success!
success!
success!
success!
success!
success!
success!
success!
success!
success!
success!
success!
success!
success!
success!
success!
success!
success!
success!
success!
success!
success!
success!
success!
success!
success!
success!
success!
success!
success!
success!
success!
success!
success!
success!
success!
success!
success!
success!
success!
success!
success!
success!
success!
success!
success!
success!
success!
success!
success!
success!
success!
success!
success!
success!
success!
success!
success!
success!
success!
success!
success!
success!
success!
success!
success!
success!
success!
success!
success!
success!
success!
success!
success!
success!
success!
success!
success!
success!
success!
success!
success!
success!
success!
success!
success!
success!
success!
success!
success!
success!
success!
success!
success!
success!
success!
success!
success!
success!
success!
success!
success!
success!
success!
success!
success!
success!
success!
success!
success!
success!
success!
success!
success!
success!
success!
success!
success!
success!
success!
success!
success!
success!
success!
success!
success!
success!
success!
success!
success!
success!
success!
success!
success!
success!
success!
success!
success!
success!
success!
success!
success!
success!
success!
success!
success!
success!
success!
success!
success!
success!
success!
success!
success!
success!
success!
success!
success!
success!
success!
success!
success!
success!
success!
success!
success!
success!
success!
success!
success!
success!
success!
success!
success!
success!
success!
success!
success!
success!
success!
success!
success!
success!
success!
success!
success!
success!
success!
success!
success!
success!
success!
success!
success!
success!
success!
success!
success!
success!
success!
success!
success!
success!
success!
success!
success!
success!
success!
success!
success!
success!
success!
success!
success!
success!
success!
success!
success!
success!
success!
success!
success!
success!
success!
success!
success!
success!
success!
success!
success!
success!
success!
success!
success!
success!
success!
success!
success!
success!
success!
success!
success!
success!
success!
success!
success!
success!
success!
success!
success!
success!
success!
success!
success!
success!
success!
success!
success!
success!
success!
success!
success!
success!
success!
success!
success!
success!
success!
success!
success!
success!
success!
success!
success!
success!
success!
success!
success!
success!
success!
success!
success!
success!
success!
success!
success!
success!
success!
success!
success!
success!
success!
success!
success!
success!
success!
success!
success!
success!
success!
success!
success!
success!
success!
success!
success!
success!
success!
success!
success!
success!
success!
success!
success!
success!
success!
success!
success!
success!
success!
success!
success!
success!
success!
success!
success!
success!
success!
success!
success!
success!
success!
success!
success!
success!
success!
success!
success!
success!
success!
success!
success!
success!
success!
success!
success!
success!
success!
success!
success!
success!
success!
success!
success!
success!
success!
success!
success!
success!
success!
success!
success!
success!
success!
success!
success!
success!
success!
success!
success!
success!
success!
success!
success!
success!
success!
success!
success!
success!
success!
success!
success!
success!
success!
success!
success!
success!
success!
success!
success!
success!
success!
success!
success!
success!
success!
success!
success!
success!
success!
success!
success!
success!
success!
success!
success!
success!
success!
success!
success!
success!
success!
success!
success!
success!
success!
success!
success!
success!
success!
success!
success!
success!
success!
success!
success!
success!
success!
success!
success!
success!
success!
success!
success!
success!
success!
success!
success!
success!
success!
success!
success!
success!
success!
success!
success!
success!
success!
success!
success!
success!
success!
success!
success!
success!
success!
success!
success!
success!
success!
success!
success!
success!
success!
success!
success!
success!
success!
success!
success!
success!
success!
success!
success!
success!
success!
success!
success!
success!
success!
success!
success!
success!
success!
success!
success!
success!
success!
success!
success!
success!
success!
success!
success!
success!
success!
success!
success!
success!
success!
success!
success!
success!
success!
success!
success!
success!
success!
success!
success!
success!
success!
success!
success!
success!
success!
success!
success!
success!
success!
success!
success!
success!
success!
success!
success!
success!
success!
success!
success!
success!
success!
success!
success!
success!
success!
success!
success!
success!
success!
success!
success!
success!
success!
success!
success!
success!
success!
success!
success!
success!
success!
success!
success!
success!
success!
success!
success!
success!
success!
success!
success!
success!
success!
success!
success!
success!
success!
success!
success!
success!
success!
success!
success!
success!
success!
success!
success!
success!
success!
success!
success!
success!
success!
success!
success!
success!
success!
success!
success!
success!
success!
success!
success!
success!
success!
success!
success!
success!
success!
success!
success!
success!
success!
success!
success!
success!
success!
success!
success!
success!
success!
success!
success!
success!
success!
success!
success!
success!
success!
success!
success!
success!
success!
success!
success!
success!
success!
success!
success!
success!
success!
success!
success!
success!
success!
success!
success!
success!
success!
success!
success!
success!
success!
success!
success!
success!
success!
success!
timestamp: 2016-01-22T10:45:51.096196
ALTER TABLE authors ADD short_name CHAR(512);
success!
timestamp: 2016-01-22T10:45:51.104119
ALTER TABLE works ADD short_title CHAR(512);
success!
success!
success!
success!
success!
success!
success!
success!
success!
success!
success!
success!
success!
success!
success!
success!
success!
success!
success!
success!
success!
success!
success!
success!
success!
success!
success!
success!
success!
success!
success!
success!
success!
success!
success!
success!
success!
success!
success!
success!
success!
success!
success!
success!
success!
success!
success!
success!
success!
success!
success!
success!
success!
success!
success!
success!
success!
success!
success!
success!
success!
success!
success!
success!
success!
success!
success!
success!
success!
success!
success!
success!
success!
success!
success!
success!
success!
success!
success!
success!
success!
success!
success!
success!
success!
success!
success!
success!
success!
success!
success!
success!
success!
success!
success!
success!
success!
success!
success!
success!
success!
success!
success!
success!
success!
success!
success!
success!
success!
success!
success!
success!
success!
success!
success!
success!
success!
success!
success!
success!
success!
success!
success!
success!
success!
success!
success!
success!
success!
success!
success!
success!
success!
success!
success!
success!
success!
success!
success!
success!
success!
success!
success!
success!
success!
success!
success!
success!
success!
success!
success!
success!
success!
success!
success!
success!
success!
success!
success!
success!
timestamp: 2016-01-22T11:46:55.049627
CREATE TABLE auth_user(
    id INTEGER PRIMARY KEY AUTOINCREMENT,
    first_name CHAR(128),
    last_name CHAR(128),
    email CHAR(512),
    password CHAR(512),
    registration_key CHAR(512),
    reset_password_key CHAR(512),
    registration_id CHAR(512)
);
success!
timestamp: 2016-01-22T11:46:55.070298
CREATE TABLE auth_group(
    id INTEGER PRIMARY KEY AUTOINCREMENT,
    role CHAR(512),
    description TEXT
);
success!
timestamp: 2016-01-22T11:46:55.081318
CREATE TABLE auth_membership(
    id INTEGER PRIMARY KEY AUTOINCREMENT,
    user_id INTEGER REFERENCES auth_user (id) ON DELETE CASCADE  ,
    group_id INTEGER REFERENCES auth_group (id) ON DELETE CASCADE  
);
success!
timestamp: 2016-01-22T11:46:55.093981
CREATE TABLE auth_permission(
    id INTEGER PRIMARY KEY AUTOINCREMENT,
    group_id INTEGER REFERENCES auth_group (id) ON DELETE CASCADE  ,
    name CHAR(512),
    table_name CHAR(512),
    record_id INTEGER
);
success!
timestamp: 2016-01-22T11:46:55.104651
CREATE TABLE auth_event(
    id INTEGER PRIMARY KEY AUTOINCREMENT,
    time_stamp TIMESTAMP,
    client_ip CHAR(512),
    user_id INTEGER REFERENCES auth_user (id) ON DELETE CASCADE  ,
    origin CHAR(512),
    description TEXT
);
success!
timestamp: 2016-01-22T11:46:55.113579
CREATE TABLE auth_cas(
    id INTEGER PRIMARY KEY AUTOINCREMENT,
    user_id INTEGER REFERENCES auth_user (id) ON DELETE CASCADE  ,
    created_on TIMESTAMP,
    service CHAR(512),
    ticket CHAR(512),
    renew CHAR(1)
);
success!
timestamp: 2016-01-22T11:46:55.126584
CREATE TABLE blog_tags(
    id INTEGER PRIMARY KEY AUTOINCREMENT,
    tagname CHAR(512)
);
success!
timestamp: 2016-01-22T11:46:55.133351
CREATE TABLE articles(
    id INTEGER PRIMARY KEY AUTOINCREMENT,
    author INTEGER REFERENCES auth_user (id) ON DELETE CASCADE  ,
    title CHAR(512),
    created TIMESTAMP,
    body TEXT,
    teaser TEXT,
    pullquote TEXT,
    blog_tags INTEGER REFERENCES blog_tags (id) ON DELETE CASCADE  
);
success!
timestamp: 2016-01-22T11:46:55.148013
CREATE TABLE plugin_comments_comment(
    id INTEGER PRIMARY KEY AUTOINCREMENT,
    body TEXT,
    posted_on TIMESTAMP,
    posted_by INTEGER REFERENCES auth_user (id) ON DELETE CASCADE  ,
    username CHAR(512),
    email_address CHAR(512),
    details INTEGER
);
success!
timestamp: 2016-01-22T11:46:55.167941
CREATE TABLE locations(
    id INTEGER PRIMARY KEY AUTOINCREMENT,
    location CHAR(512)
);
success!
timestamp: 2016-01-22T11:46:55.174805
CREATE TABLE genres(
    id INTEGER PRIMARY KEY AUTOINCREMENT,
    name CHAR(512)
);
success!
timestamp: 2016-01-22T11:46:55.196227
CREATE TABLE authors(
    id INTEGER PRIMARY KEY AUTOINCREMENT,
    name CHAR(512),
    short_name CHAR(512),
    location TEXT,
    lived CHAR(512),
    genres TEXT,
    notes TEXT
);
success!
timestamp: 2016-01-22T11:46:55.204931
CREATE TABLE works(
    id INTEGER PRIMARY KEY AUTOINCREMENT,
    title CHAR(512),
    short_title CHAR(512),
    author INTEGER REFERENCES authors (id) ON DELETE CASCADE  ,
    date_earliest CHAR(512),
    date_latest CHAR(512),
    date_likely CHAR(512),
    genre TEXT,
    source CHAR(512),
    comments CHAR(512)
);
success!
timestamp: 2016-01-22T11:46:55.217350
CREATE TABLE projects(
    id INTEGER PRIMARY KEY AUTOINCREMENT,
    projectname CHAR(512),
    owner INTEGER REFERENCES auth_user (id) ON DELETE CASCADE  ,
    description TEXT
);
success!
timestamp: 2016-01-22T11:46:55.235514
CREATE TABLE tags(
    id INTEGER PRIMARY KEY AUTOINCREMENT,
    tagname CHAR(512),
    creator INTEGER REFERENCES auth_user (id) ON DELETE CASCADE  ,
    project INTEGER REFERENCES projects (id) ON DELETE CASCADE  
);
success!
timestamp: 2016-01-22T11:46:55.243650
CREATE TABLE notes(
    id INTEGER PRIMARY KEY AUTOINCREMENT,
    user INTEGER REFERENCES auth_user (id) ON DELETE CASCADE  ,
    author INTEGER REFERENCES authors (id) ON DELETE CASCADE  ,
    work INTEGER REFERENCES works (id) ON DELETE CASCADE  ,
    reference CHAR(512),
    excerpt TEXT,
    body TEXT,
    tags TEXT,
    last_edited TIMESTAMP,
    created TIMESTAMP,
    project INTEGER REFERENCES projects (id) ON DELETE CASCADE  
);
success!
